SF:lib\data\models\movie_table.dart
DA:12,17
DA:19,2
DA:20,1
DA:21,1
DA:22,1
DA:23,1
DA:26,2
DA:27,1
DA:28,1
DA:29,1
DA:30,1
DA:33,2
DA:34,1
DA:35,1
DA:36,1
DA:37,1
DA:40,2
DA:41,1
DA:42,1
DA:43,1
DA:44,1
DA:47,2
DA:48,10
LF:23
LH:23
end_of_record
SF:lib\domain\entities\movie.dart
DA:6,10
DA:22,2
DA:43,5
DA:44,5
DA:45,5
DA:46,5
DA:47,5
DA:48,5
DA:49,5
DA:50,5
DA:51,5
DA:52,5
DA:53,5
DA:54,5
DA:55,5
DA:56,5
DA:57,5
LF:17
LH:17
end_of_record
SF:lib\domain\entities\movie_detail.dart
DA:5,17
DA:33,3
DA:34,3
DA:35,3
DA:36,3
DA:37,3
DA:38,3
DA:39,3
DA:40,3
DA:41,3
DA:42,3
DA:43,3
DA:44,3
DA:45,3
LF:14
LH:14
end_of_record
SF:lib\data\datasources\db\database_helper_movie.dart
DA:7,0
DA:11,0
DA:12,0
DA:16,0
DA:17,0
DA:23,0
DA:24,0
DA:25,0
DA:27,0
DA:31,0
DA:32,0
DA:39,0
DA:42,0
DA:43,0
DA:44,0
DA:47,0
DA:48,0
DA:49,0
DA:52,0
DA:56,0
DA:57,0
DA:58,0
DA:61,0
DA:64,0
DA:65,0
DA:71,0
DA:72,0
DA:73,0
LF:28
LH:0
end_of_record
SF:lib\data\datasources\movie_local_data_source.dart
DA:16,1
DA:19,1
DA:21,3
DA:24,2
DA:29,1
DA:31,3
DA:34,2
DA:39,1
DA:40,3
DA:42,1
DA:49,1
DA:50,3
DA:51,4
LF:13
LH:13
end_of_record
SF:lib\data\datasources\movie_remote_data_source.dart
DA:29,0
DA:31,0
DA:32,0
DA:33,0
DA:34,0
DA:39,0
DA:40,0
DA:41,0
DA:42,0
DA:43,0
DA:45,0
DA:46,0
DA:47,0
DA:49,0
DA:54,0
DA:55,0
DA:56,0
DA:57,0
DA:58,0
DA:60,0
DA:61,0
DA:62,0
DA:64,0
DA:69,0
DA:70,0
DA:71,0
DA:72,0
DA:73,0
DA:74,0
DA:75,0
DA:76,0
DA:77,0
DA:79,0
DA:84,0
DA:85,0
DA:86,0
DA:87,0
DA:88,0
DA:90,0
DA:91,0
DA:92,0
DA:94,0
DA:99,0
DA:100,0
DA:101,0
DA:102,0
DA:103,0
DA:105,0
DA:106,0
DA:107,0
DA:109,0
DA:114,0
DA:115,0
DA:116,0
DA:117,0
DA:118,0
DA:119,0
DA:120,0
DA:121,0
DA:122,0
DA:124,0
LF:61
LH:0
end_of_record
SF:lib\data\models\movie_detail_model.dart
DA:7,3
DA:53,1
DA:54,1
DA:55,1
DA:56,1
DA:57,1
DA:58,1
DA:59,2
DA:60,1
DA:61,1
DA:62,1
DA:63,1
DA:64,1
DA:65,1
DA:66,2
DA:67,1
DA:68,1
DA:69,1
DA:70,1
DA:71,1
DA:72,1
DA:73,1
DA:74,1
DA:75,2
DA:76,1
DA:79,2
DA:80,1
DA:81,1
DA:82,1
DA:83,3
DA:84,1
DA:85,1
DA:86,1
DA:87,1
DA:88,1
DA:89,1
DA:90,1
DA:91,1
DA:92,1
DA:93,1
DA:94,1
DA:95,1
DA:96,1
DA:97,1
DA:98,1
DA:99,1
DA:100,1
DA:103,2
DA:104,2
DA:105,2
DA:106,2
DA:107,8
DA:108,2
DA:109,2
DA:110,2
DA:111,2
DA:112,2
DA:113,2
DA:114,2
DA:115,2
DA:116,2
DA:120,1
DA:121,1
DA:122,1
DA:123,1
DA:124,1
DA:125,1
DA:126,1
DA:127,1
DA:128,1
DA:129,1
DA:130,1
DA:131,1
DA:132,1
DA:133,1
DA:134,1
DA:135,1
DA:136,1
DA:137,1
DA:138,1
DA:139,1
DA:140,1
DA:141,1
DA:142,1
LF:84
LH:84
end_of_record
SF:lib\data\models\movie_model.dart
DA:6,4
DA:36,2
DA:37,1
DA:38,1
DA:39,4
DA:40,1
DA:41,1
DA:42,1
DA:43,2
DA:44,1
DA:45,1
DA:46,1
DA:47,1
DA:48,2
DA:49,1
DA:52,2
DA:53,1
DA:54,1
DA:55,4
DA:56,1
DA:57,1
DA:58,1
DA:59,1
DA:60,1
DA:61,1
DA:62,1
DA:63,1
DA:64,1
DA:65,1
DA:68,2
DA:69,2
DA:70,2
DA:71,2
DA:72,2
DA:73,2
DA:74,2
DA:75,2
DA:76,2
DA:77,2
DA:78,2
DA:79,2
DA:80,2
DA:81,2
DA:82,2
DA:86,1
DA:87,1
DA:88,1
DA:89,1
DA:90,1
DA:91,1
DA:92,1
DA:93,1
DA:94,1
DA:95,1
DA:96,1
DA:97,1
DA:98,1
DA:99,1
DA:100,1
LF:59
LH:59
end_of_record
SF:lib\domain\usecases\get_movie_detail.dart
DA:9,1
DA:11,1
DA:12,2
LF:3
LH:3
end_of_record
SF:lib\domain\usecases\get_movie_recommendations.dart
DA:9,1
DA:11,1
DA:12,2
LF:3
LH:3
end_of_record
SF:lib\domain\usecases\get_now_playing_movies.dart
DA:10,1
DA:12,1
DA:13,2
LF:3
LH:3
end_of_record
SF:lib\domain\usecases\get_popular_movies.dart
DA:9,1
DA:11,1
DA:12,2
LF:3
LH:3
end_of_record
SF:lib\domain\usecases\get_top_rated_movies.dart
DA:10,1
DA:12,1
DA:13,2
LF:3
LH:3
end_of_record
SF:lib\domain\usecases\get_watchlist_movies.dart
DA:10,1
DA:12,1
DA:13,2
LF:3
LH:3
end_of_record
SF:lib\domain\usecases\get_watchlist_status.dart
DA:6,1
DA:8,1
DA:9,2
LF:3
LH:3
end_of_record
SF:lib\domain\usecases\remove_watchlist.dart
DA:9,1
DA:11,1
DA:12,2
LF:3
LH:3
end_of_record
SF:lib\domain\usecases\save_watchlist.dart
DA:10,1
DA:12,1
DA:13,2
LF:3
LH:3
end_of_record
SF:lib\presentation\bloc\movie_detail\movie_detail_bloc.dart
DA:10,3
DA:11,2
DA:12,1
DA:14,2
DA:16,3
DA:18,1
DA:19,1
DA:20,3
DA:22,1
DA:23,2
LF:10
LH:10
end_of_record
SF:lib\presentation\bloc\movie_detail\movie_detail_event.dart
DA:4,2
DA:6,0
DA:7,0
DA:13,2
DA:15,1
DA:16,2
DA:20,0
DA:21,0
DA:25,0
DA:26,0
DA:30,0
DA:31,0
LF:12
LH:4
end_of_record
SF:lib\presentation\bloc\movie_detail\movie_detail_state.dart
DA:6,4
DA:8,1
DA:9,1
DA:19,2
DA:21,1
DA:22,2
DA:28,3
DA:30,1
DA:31,2
LF:9
LH:9
end_of_record
SF:lib\presentation\bloc\movie_detail\recommennded\movie_recommended_bloc.dart
DA:11,1
DA:12,2
DA:13,2
DA:14,1
DA:16,2
DA:18,3
DA:20,2
DA:21,3
DA:22,1
DA:23,2
LF:10
LH:10
end_of_record
SF:lib\presentation\bloc\movie_detail\recommennded\movie_recommended_event.dart
DA:4,2
DA:6,0
DA:7,0
DA:13,2
DA:15,0
DA:16,0
LF:6
LH:2
end_of_record
SF:lib\presentation\bloc\movie_detail\recommennded\movie_recommended_state.dart
DA:6,3
DA:8,1
DA:9,1
DA:19,2
DA:21,1
DA:22,2
DA:28,3
DA:30,1
DA:31,2
LF:9
LH:9
end_of_record
SF:lib\presentation\bloc\movies\movies_bloc.dart
DA:14,1
DA:15,2
DA:16,2
DA:17,2
DA:18,3
DA:20,5
DA:21,3
DA:30,3
DA:31,2
DA:32,2
DA:33,3
DA:35,5
DA:36,3
DA:46,3
DA:47,2
DA:48,2
DA:49,3
DA:51,5
DA:52,3
LF:19
LH:19
end_of_record
SF:lib\presentation\bloc\movies\movies_event.dart
DA:5,2
DA:7,0
DA:8,0
DA:12,0
DA:13,0
DA:18,3
DA:20,0
DA:21,0
DA:25,0
DA:26,0
DA:31,3
DA:33,0
DA:34,0
DA:38,0
DA:39,0
LF:15
LH:3
end_of_record
SF:lib\presentation\bloc\movies\movies_state.dart
DA:7,4
DA:9,1
DA:10,1
DA:20,3
DA:22,1
DA:23,2
DA:29,2
DA:31,1
DA:32,2
DA:37,6
DA:39,1
DA:40,1
DA:50,4
DA:52,1
DA:53,2
DA:59,3
DA:61,1
DA:62,2
DA:67,6
DA:69,1
DA:70,1
DA:80,4
DA:82,1
DA:83,2
DA:89,3
DA:91,1
DA:92,2
LF:27
LH:27
end_of_record
SF:lib\presentation\bloc\watchlist_movies\watchlist_movie_bloc.dart
DA:17,1
DA:19,2
DA:20,2
DA:21,1
DA:23,2
DA:25,3
DA:27,2
DA:30,2
DA:31,1
DA:33,3
DA:35,2
DA:36,3
DA:37,1
DA:38,2
DA:42,2
DA:43,1
DA:45,3
DA:47,2
DA:48,3
DA:49,1
DA:50,2
DA:54,2
DA:55,2
DA:57,3
DA:59,2
DA:60,3
DA:61,1
DA:62,2
LF:28
LH:28
end_of_record
SF:lib\presentation\bloc\watchlist_movies\watchlist_movie_event.dart
DA:6,4
DA:8,0
DA:9,0
DA:15,2
DA:17,1
DA:18,2
DA:24,1
DA:26,1
DA:27,2
DA:33,1
DA:35,1
DA:36,2
DA:40,1
DA:41,1
LF:14
LH:12
end_of_record
SF:lib\presentation\bloc\watchlist_movies\watchlist_movie_state.dart
DA:6,6
DA:8,1
DA:9,1
DA:19,3
DA:21,1
DA:22,2
DA:28,3
DA:30,1
DA:31,2
DA:37,2
DA:39,1
DA:40,2
DA:46,4
DA:48,1
DA:49,2
LF:15
LH:15
end_of_record
SF:lib\data\models\movie_response.dart
DA:7,2
DA:9,2
DA:10,2
DA:11,3
DA:12,3
DA:15,2
DA:16,5
DA:19,1
DA:20,2
LF:9
LH:9
end_of_record
SF:lib\data\repositories\movie_repository_impl.dart
DA:16,1
DA:22,1
DA:24,3
DA:25,5
DA:26,1
DA:28,1
DA:34,1
DA:36,3
DA:37,2
DA:38,1
DA:40,1
DA:46,1
DA:48,3
DA:49,3
DA:50,1
DA:52,1
DA:58,1
DA:60,3
DA:61,5
DA:62,1
DA:64,1
DA:70,1
DA:72,3
DA:73,5
DA:74,1
DA:76,1
DA:82,1
DA:84,3
DA:85,5
DA:86,1
DA:88,1
DA:94,1
DA:97,4
DA:98,1
DA:99,1
DA:100,3
DA:107,1
DA:110,4
DA:111,1
DA:112,1
DA:113,3
DA:118,1
DA:119,3
DA:124,1
DA:125,3
DA:126,5
LF:46
LH:46
end_of_record
SF:lib\presentation\pages\home_movie_page.dart
DA:24,1
DA:25,1
DA:29,1
DA:31,1
DA:32,2
DA:33,4
DA:34,4
DA:35,4
DA:39,1
DA:41,1
DA:42,1
DA:43,0
DA:44,0
DA:46,0
DA:47,0
DA:49,0
DA:50,0
DA:53,1
DA:55,1
DA:56,1
DA:57,0
DA:58,0
DA:64,1
DA:66,1
DA:67,1
DA:69,1
DA:70,1
DA:72,1
DA:74,1
DA:75,1
DA:76,1
DA:80,1
DA:81,1
DA:82,1
DA:83,1
DA:84,1
DA:85,1
DA:86,1
DA:96,1
DA:98,0
DA:99,0
DA:101,1
DA:102,1
DA:103,1
DA:107,1
DA:108,1
DA:109,1
DA:110,1
DA:111,1
DA:112,2
DA:120,1
DA:122,0
DA:123,0
DA:125,1
DA:126,1
DA:127,1
DA:131,1
DA:132,1
DA:133,1
DA:134,1
DA:135,1
DA:136,2
DA:155,1
DA:157,1
DA:159,1
DA:161,1
DA:163,1
DA:164,2
DA:165,1
DA:167,1
DA:168,0
DA:169,0
DA:172,0
DA:175,1
DA:177,1
DA:178,2
DA:179,1
DA:182,0
DA:188,2
LF:79
LH:63
end_of_record
SF:lib\presentation\pages\watchlist\watchlist_page.dart
DA:9,0
DA:11,0
DA:12,0
DA:20,0
DA:22,0
DA:23,0
DA:24,0
DA:25,0
DA:26,0
DA:27,0
DA:37,0
DA:38,0
DA:39,0
LF:13
LH:0
end_of_record
SF:lib\presentation\pages\popular_movies_page.dart
DA:14,1
DA:15,1
DA:19,1
DA:21,1
DA:22,2
DA:23,4
DA:27,1
DA:29,1
DA:31,1
DA:34,1
DA:36,1
DA:37,1
DA:38,1
DA:42,1
DA:43,1
DA:44,1
DA:45,2
DA:46,1
DA:48,2
DA:50,1
DA:51,1
DA:52,1
DA:53,1
LF:23
LH:23
end_of_record
SF:lib\presentation\pages\top_rated_movies_page.dart
DA:14,1
DA:15,1
DA:19,1
DA:21,1
DA:22,2
DA:23,4
DA:27,1
DA:29,1
DA:31,1
DA:34,1
DA:36,1
DA:37,1
DA:38,1
DA:42,1
DA:43,1
DA:44,1
DA:45,2
DA:46,1
DA:48,2
DA:50,1
DA:51,1
DA:52,1
DA:53,1
LF:23
LH:23
end_of_record
SF:lib\presentation\pages\movie_detail_page.dart
DA:26,1
DA:28,1
DA:29,1
DA:33,1
DA:35,1
DA:36,2
DA:37,6
DA:38,6
DA:39,6
DA:43,1
DA:45,2
DA:46,2
DA:47,2
DA:52,1
DA:54,1
DA:55,1
DA:56,1
DA:60,1
DA:61,2
DA:62,0
DA:63,0
DA:64,0
DA:81,1
DA:82,1
DA:84,1
DA:85,1
DA:89,1
DA:91,3
DA:96,1
DA:97,1
DA:98,1
DA:99,4
DA:101,1
DA:104,0
DA:106,1
DA:108,1
DA:109,1
DA:110,1
DA:120,1
DA:121,1
DA:122,1
DA:124,1
DA:126,1
DA:128,1
DA:129,1
DA:130,3
DA:131,1
DA:133,1
DA:135,0
DA:136,0
DA:138,0
DA:139,0
DA:142,0
DA:143,0
DA:146,0
DA:148,0
DA:149,0
DA:150,0
DA:151,0
DA:155,0
DA:159,0
DA:160,0
DA:161,0
DA:162,0
DA:164,0
DA:166,0
DA:167,0
DA:168,0
DA:173,0
DA:174,0
DA:175,0
DA:178,1
DA:180,1
DA:181,2
DA:188,1
DA:189,4
DA:191,1
DA:192,4
DA:194,1
DA:195,1
DA:196,1
DA:197,4
DA:199,1
DA:205,5
DA:209,1
DA:211,1
DA:213,1
DA:214,3
DA:217,1
DA:219,1
DA:221,1
DA:223,1
DA:224,1
DA:228,1
DA:229,1
DA:231,1
DA:233,1
DA:234,2
DA:235,1
DA:237,1
DA:238,0
DA:239,0
DA:242,0
DA:245,1
DA:250,1
DA:252,2
DA:253,1
DA:259,0
DA:266,2
DA:269,0
DA:270,0
DA:271,0
DA:283,1
DA:285,1
DA:300,1
DA:302,1
DA:305,1
DA:307,0
DA:308,0
DA:317,1
DA:319,2
DA:320,3
DA:323,1
DA:327,3
DA:330,1
DA:331,1
DA:332,1
DA:334,1
DA:335,1
DA:337,0
LF:130
LH:93
end_of_record
SF:lib\presentation\pages\watchlist\watchlist_movies_page.dart
DA:12,6
DA:14,1
DA:15,1
DA:20,1
DA:22,1
DA:23,4
DA:26,1
DA:28,1
DA:29,4
DA:32,0
DA:34,0
DA:35,0
DA:38,1
DA:40,1
DA:42,1
DA:45,1
DA:47,1
DA:48,1
DA:49,1
DA:53,1
DA:54,1
DA:55,1
DA:56,2
DA:57,1
DA:59,2
DA:61,1
DA:62,1
DA:63,1
DA:64,1
DA:78,1
DA:80,2
DA:81,1
LF:32
LH:29
end_of_record
