SF:lib\data\models\tvseries_model.dart
DA:6,4
DA:36,2
DA:37,1
DA:38,1
DA:39,4
DA:40,1
DA:41,1
DA:42,3
DA:43,1
DA:44,1
DA:45,1
DA:46,2
DA:47,1
DA:48,2
DA:49,1
DA:52,2
DA:53,1
DA:54,1
DA:55,4
DA:56,1
DA:57,1
DA:58,3
DA:59,1
DA:60,1
DA:61,1
DA:62,1
DA:63,1
DA:64,1
DA:65,1
DA:68,2
DA:69,2
DA:70,2
DA:71,2
DA:72,2
DA:73,2
DA:74,2
DA:75,2
DA:76,2
DA:77,2
DA:78,2
DA:79,2
DA:80,2
DA:81,2
DA:82,2
DA:85,1
DA:86,1
DA:87,1
DA:88,1
DA:89,1
DA:90,1
DA:91,1
DA:92,1
DA:93,1
DA:94,1
DA:95,1
DA:96,1
DA:97,1
DA:98,1
DA:99,1
LF:59
LH:59
end_of_record
SF:lib\domain\entities\tvseries.dart
DA:20,8
DA:36,2
DA:43,5
DA:44,5
DA:45,5
DA:46,5
DA:47,5
DA:48,5
DA:49,5
DA:50,5
DA:51,5
DA:52,5
DA:53,5
DA:54,5
DA:55,5
DA:56,5
DA:57,5
LF:17
LH:17
end_of_record
SF:lib\data\models\tvseries_response.dart
DA:5,2
DA:11,1
DA:12,1
DA:13,1
DA:14,4
DA:17,2
DA:18,5
DA:21,1
DA:22,2
LF:9
LH:9
end_of_record
SF:lib\data\models\tvseries_detail_model.dart
DA:7,1
DA:31,0
DA:32,0
DA:33,0
DA:34,0
DA:35,0
DA:36,0
DA:37,0
DA:38,0
DA:39,0
DA:40,0
DA:41,0
DA:42,0
DA:43,0
DA:46,0
DA:47,0
DA:48,0
DA:49,0
DA:50,0
DA:51,0
DA:52,0
DA:53,0
DA:54,0
DA:57,1
DA:58,1
DA:59,1
DA:60,1
DA:61,1
DA:62,1
DA:63,1
DA:64,1
DA:65,1
DA:66,1
DA:67,1
DA:68,1
DA:71,0
DA:72,0
DA:73,0
DA:74,0
DA:75,0
DA:76,0
DA:77,0
DA:78,0
DA:79,0
DA:80,0
DA:81,0
DA:82,0
LF:47
LH:13
end_of_record
SF:lib\data\repositories\tvseries_repository_impl.dart
DA:17,1
DA:21,1
DA:23,3
DA:24,5
DA:25,1
DA:27,1
DA:33,1
DA:35,3
DA:36,5
DA:37,1
DA:39,1
DA:45,1
DA:47,3
DA:48,5
DA:49,1
DA:51,1
DA:57,1
DA:59,3
DA:60,2
DA:61,1
DA:63,1
DA:69,1
DA:71,3
DA:72,3
DA:73,1
DA:75,1
DA:81,1
DA:82,3
DA:83,5
DA:87,1
DA:88,3
DA:93,1
DA:96,4
DA:97,1
DA:98,1
DA:99,3
DA:104,1
DA:107,4
DA:108,1
DA:109,1
DA:110,3
DA:117,1
DA:120,3
DA:121,5
DA:122,1
DA:124,1
LF:46
LH:46
end_of_record
SF:lib\data\models\tvseries_table.dart
DA:12,12
DA:19,1
DA:20,1
DA:21,1
DA:22,1
DA:23,1
DA:24,1
DA:27,0
DA:28,0
DA:29,0
DA:30,0
DA:31,0
DA:34,0
DA:35,0
DA:36,0
DA:37,0
DA:38,0
DA:41,2
DA:42,1
DA:43,1
DA:44,1
DA:45,1
DA:48,1
DA:49,5
LF:24
LH:14
end_of_record
SF:lib\domain\entities\tvseries_detail.dart
DA:16,12
DA:29,2
DA:30,2
DA:31,2
DA:32,2
DA:33,2
DA:34,2
DA:35,2
DA:36,2
DA:37,2
DA:38,2
DA:39,2
DA:40,2
LF:13
LH:13
end_of_record
SF:lib\data\datasources\db\database_helper_tvseries.dart
DA:9,0
DA:13,0
DA:14,0
DA:18,0
DA:19,0
DA:25,0
DA:26,0
DA:27,0
DA:29,0
DA:33,0
DA:34,0
DA:41,0
DA:44,0
DA:45,0
DA:46,0
DA:51,0
DA:52,0
DA:53,0
DA:56,0
DA:57,0
DA:58,0
DA:61,0
DA:65,0
DA:66,0
DA:67,0
DA:70,0
DA:73,0
DA:74,0
LF:28
LH:0
end_of_record
SF:lib\data\datasources\tvseries_local_data_source.dart
DA:16,0
DA:19,0
DA:21,0
DA:24,0
DA:29,0
DA:31,0
DA:34,0
DA:39,0
DA:40,0
DA:42,0
DA:49,0
DA:50,0
DA:51,0
LF:13
LH:0
end_of_record
SF:lib\data\datasources\tvseries_remote_data_source.dart
DA:27,0
DA:29,0
DA:30,0
DA:31,0
DA:32,0
DA:37,0
DA:38,0
DA:39,0
DA:40,0
DA:41,0
DA:43,0
DA:44,0
DA:45,0
DA:47,0
DA:52,0
DA:53,0
DA:54,0
DA:55,0
DA:56,0
DA:58,0
DA:59,0
DA:60,0
DA:62,0
DA:67,0
DA:68,0
DA:69,0
DA:70,0
DA:71,0
DA:73,0
DA:74,0
DA:75,0
DA:77,0
DA:82,0
DA:83,0
DA:84,0
DA:85,0
DA:86,0
DA:87,0
DA:88,0
DA:89,0
DA:91,0
DA:96,0
DA:97,0
DA:98,0
DA:99,0
DA:100,0
DA:101,0
DA:102,0
DA:103,0
DA:104,0
DA:106,0
DA:111,0
DA:112,0
DA:113,0
DA:114,0
DA:115,0
DA:116,0
DA:117,0
DA:118,0
DA:119,0
DA:121,0
LF:61
LH:0
end_of_record
SF:lib\domain\usecases\get_airing_today_tvseries.dart
DA:9,1
DA:11,1
DA:12,2
LF:3
LH:3
end_of_record
SF:lib\domain\usecases\get_popular_tvseries.dart
DA:9,1
DA:11,1
DA:12,2
LF:3
LH:3
end_of_record
SF:lib\domain\usecases\get_top_rated_tvseries.dart
DA:9,1
DA:11,1
DA:12,2
LF:3
LH:3
end_of_record
SF:lib\domain\usecases\get_tvseries_detail.dart
DA:9,1
DA:11,1
DA:12,2
LF:3
LH:3
end_of_record
SF:lib\domain\usecases\get_recommended_tvseries.dart
DA:10,1
DA:12,1
DA:13,2
LF:3
LH:3
end_of_record
SF:lib\domain\usecases\get_watchlist_status_tvseries.dart
DA:6,1
DA:8,1
DA:9,2
LF:3
LH:3
end_of_record
SF:lib\domain\usecases\get_watchlist_tvseries.dart
DA:9,1
DA:11,1
DA:12,2
LF:3
LH:3
end_of_record
SF:lib\domain\usecases\remove_watchlist_tvseries.dart
DA:9,1
DA:11,1
DA:12,2
LF:3
LH:3
end_of_record
SF:lib\domain\usecases\save_watchlist_tvseries.dart
DA:9,1
DA:11,1
DA:12,2
LF:3
LH:3
end_of_record
SF:lib\presentation\bloc\tvseries\tvseries_bloc.dart
DA:14,1
DA:15,2
DA:16,2
DA:17,2
DA:18,3
DA:20,5
DA:21,3
DA:31,1
DA:32,2
DA:33,2
DA:34,2
DA:35,3
DA:37,5
DA:38,3
DA:48,1
DA:49,2
DA:50,2
DA:51,2
DA:52,3
DA:54,5
DA:55,3
LF:21
LH:21
end_of_record
SF:lib\presentation\bloc\tvseries\tvseries_event.dart
DA:5,2
DA:7,0
DA:8,0
DA:12,0
DA:13,0
DA:18,3
DA:20,0
DA:21,0
DA:25,0
DA:26,0
DA:31,3
DA:33,0
DA:34,0
DA:38,0
DA:39,0
LF:15
LH:3
end_of_record
SF:lib\presentation\bloc\tvseries\tvseries_state.dart
DA:7,4
DA:9,1
DA:10,1
DA:20,3
DA:22,1
DA:23,2
DA:29,2
DA:31,1
DA:32,2
DA:37,6
DA:39,1
DA:40,1
DA:50,4
DA:52,1
DA:53,2
DA:59,3
DA:61,1
DA:62,2
DA:67,6
DA:69,1
DA:70,1
DA:80,4
DA:82,1
DA:83,2
DA:89,3
DA:91,1
DA:92,2
LF:27
LH:27
end_of_record
SF:lib\presentation\bloc\tvseries_detail\recommennded\tvseries_recommended_bloc.dart
DA:11,1
DA:12,2
DA:13,2
DA:14,1
DA:16,2
DA:18,3
DA:20,2
DA:21,3
DA:22,1
DA:23,2
LF:10
LH:10
end_of_record
SF:lib\presentation\bloc\tvseries_detail\recommennded\tvseries_recommended_event.dart
DA:4,1
DA:6,0
DA:7,0
DA:13,1
DA:15,0
DA:16,0
LF:6
LH:2
end_of_record
SF:lib\presentation\bloc\tvseries_detail\recommennded\tvseries_recommended_state.dart
DA:6,2
DA:8,1
DA:9,1
DA:19,2
DA:21,1
DA:22,2
DA:28,2
DA:30,1
DA:31,2
LF:9
LH:9
end_of_record
SF:lib\presentation\bloc\tvseries_detail\tvseries_detail_bloc.dart
DA:11,3
DA:12,2
DA:13,1
DA:15,2
DA:17,3
DA:19,1
DA:20,1
DA:21,3
DA:23,1
DA:24,2
LF:10
LH:10
end_of_record
SF:lib\presentation\bloc\tvseries_detail\tvseries_detail_event.dart
DA:4,1
DA:6,0
DA:7,0
DA:13,1
DA:15,1
DA:16,2
LF:6
LH:4
end_of_record
SF:lib\presentation\bloc\tvseries_detail\tvseries_detail_state.dart
DA:6,2
DA:8,1
DA:9,1
DA:19,2
DA:21,1
DA:22,2
DA:28,2
DA:30,1
DA:31,2
LF:9
LH:9
end_of_record
SF:lib\presentation\bloc\watchlist_tvseries\watchlist_tvseries_bloc.dart
DA:17,1
DA:19,2
DA:20,2
DA:21,1
DA:23,2
DA:25,3
DA:27,2
DA:30,2
DA:31,1
DA:33,3
DA:35,2
DA:36,3
DA:37,1
DA:38,2
DA:42,2
DA:43,1
DA:45,3
DA:47,2
DA:48,3
DA:49,1
DA:50,2
DA:54,2
DA:55,2
DA:57,3
DA:59,2
DA:60,3
DA:61,1
DA:62,2
LF:28
LH:28
end_of_record
SF:lib\presentation\bloc\watchlist_tvseries\watchlist_tvseries_event.dart
DA:6,2
DA:8,0
DA:9,0
DA:15,1
DA:17,1
DA:18,2
DA:24,1
DA:26,1
DA:27,2
DA:33,1
DA:35,1
DA:36,2
DA:40,1
DA:41,1
LF:14
LH:12
end_of_record
SF:lib\presentation\bloc\watchlist_tvseries\watchlist_tvseries_state.dart
DA:6,2
DA:8,1
DA:9,1
DA:19,2
DA:21,1
DA:22,2
DA:28,2
DA:30,1
DA:31,2
DA:37,2
DA:39,1
DA:40,2
DA:46,2
DA:48,1
DA:49,2
LF:15
LH:15
end_of_record
SF:lib\presentation\pages\popular_tvseries_page.dart
DA:12,1
DA:14,1
DA:15,1
DA:19,1
DA:21,1
DA:22,2
DA:23,4
DA:27,1
DA:29,1
DA:31,1
DA:34,1
DA:36,1
DA:37,1
DA:38,1
DA:42,1
DA:43,1
DA:44,1
DA:45,2
DA:46,1
DA:48,2
DA:50,1
DA:51,1
DA:52,1
DA:53,1
LF:24
LH:24
end_of_record
SF:lib\presentation\pages\tvseries_detail_page.dart
DA:27,0
DA:29,0
DA:30,0
DA:34,0
DA:36,0
DA:37,0
DA:38,0
DA:39,0
DA:40,0
DA:44,0
DA:47,0
DA:48,0
DA:49,0
DA:54,0
DA:55,0
DA:56,0
DA:57,0
DA:61,0
DA:62,0
DA:63,0
DA:64,0
DA:65,0
DA:82,0
DA:84,0
DA:85,0
DA:89,0
DA:91,0
DA:96,0
DA:97,0
DA:98,0
DA:100,0
DA:102,0
DA:105,0
DA:107,0
DA:109,0
DA:110,0
DA:111,0
DA:121,0
DA:122,0
DA:123,0
DA:125,0
DA:127,0
DA:129,0
DA:130,0
DA:131,0
DA:132,0
DA:134,0
DA:135,0
DA:136,0
DA:137,0
DA:138,0
DA:140,0
DA:141,0
DA:144,0
DA:146,0
DA:147,0
DA:148,0
DA:149,0
DA:153,0
DA:157,0
DA:158,0
DA:159,0
DA:160,0
DA:162,0
DA:164,0
DA:165,0
DA:166,0
DA:171,0
DA:172,0
DA:173,0
DA:176,0
DA:178,0
DA:179,0
DA:186,0
DA:187,0
DA:189,0
DA:190,0
DA:192,0
DA:193,0
DA:194,0
DA:195,0
DA:197,0
DA:203,0
DA:207,0
DA:209,0
DA:211,0
DA:213,0
DA:215,0
DA:217,0
DA:219,0
DA:220,0
DA:224,0
DA:225,0
DA:227,0
DA:229,0
DA:230,0
DA:231,0
DA:233,0
DA:234,0
DA:235,0
DA:238,0
DA:241,0
DA:246,0
DA:248,0
DA:249,0
DA:255,0
DA:262,0
DA:265,0
DA:266,0
DA:267,0
DA:279,0
DA:281,0
DA:296,0
DA:298,0
DA:301,0
DA:303,0
DA:304,0
DA:313,0
DA:315,0
DA:316,0
DA:319,0
DA:323,0
DA:326,0
DA:327,0
DA:328,0
DA:330,0
DA:331,0
DA:333,0
LF:128
LH:0
end_of_record
SF:lib\presentation\pages\top_rated_tvseries_page.dart
DA:12,1
DA:14,1
DA:15,1
DA:19,1
DA:21,1
DA:22,2
DA:23,4
DA:27,1
DA:29,1
DA:31,1
DA:34,1
DA:36,1
DA:37,1
DA:38,1
DA:42,1
DA:43,1
DA:44,1
DA:45,2
DA:46,1
DA:48,2
DA:50,1
DA:51,1
DA:52,1
DA:53,1
LF:24
LH:24
end_of_record
SF:lib\presentation\pages\tvseries_page.dart
DA:20,1
DA:23,1
DA:24,1
DA:28,1
DA:30,1
DA:31,2
DA:32,4
DA:33,4
DA:34,4
DA:38,1
DA:40,1
DA:41,1
DA:42,0
DA:43,0
DA:45,0
DA:46,0
DA:48,0
DA:49,0
DA:52,1
DA:54,1
DA:55,1
DA:56,0
DA:57,0
DA:63,1
DA:65,1
DA:66,1
DA:68,1
DA:69,1
DA:71,1
DA:73,1
DA:74,1
DA:75,1
DA:79,1
DA:80,1
DA:81,1
DA:82,1
DA:83,1
DA:84,1
DA:85,1
DA:93,1
DA:95,0
DA:96,0
DA:98,1
DA:99,1
DA:100,1
DA:104,1
DA:105,1
DA:106,1
DA:107,1
DA:108,1
DA:109,2
DA:115,1
DA:117,0
DA:118,0
DA:121,1
DA:122,1
DA:123,1
DA:127,1
DA:128,1
DA:129,1
DA:130,1
DA:131,1
DA:132,2
DA:149,1
DA:151,1
DA:153,1
DA:155,1
DA:157,1
DA:158,2
DA:159,1
DA:161,1
DA:162,0
DA:163,0
DA:166,0
DA:169,1
DA:171,1
DA:172,2
DA:173,1
DA:176,0
DA:182,2
LF:80
LH:64
end_of_record
SF:lib\presentation\pages\watchlist\watchlist_tvseries_page.dart
DA:11,1
DA:13,0
DA:14,0
DA:19,0
DA:21,0
DA:22,0
DA:25,0
DA:27,0
DA:28,0
DA:31,0
DA:33,0
DA:34,0
DA:37,0
DA:39,0
DA:40,0
DA:43,0
DA:45,0
DA:46,0
DA:47,0
DA:51,0
DA:52,0
DA:53,0
DA:54,0
DA:55,0
DA:57,0
DA:59,0
DA:60,0
DA:61,0
DA:73,0
DA:75,0
DA:76,0
LF:31
LH:1
end_of_record
