SF:lib\domain\usecases\search_movies.dart
DA:9,1
DA:11,1
DA:12,2
LF:3
LH:3
end_of_record
SF:lib\domain\usecases\search_tvseries.dart
DA:9,1
DA:11,1
DA:12,2
LF:3
LH:3
end_of_record
SF:lib\presentation\bloc\search\search_bloc.dart
DA:11,3
DA:12,2
DA:13,1
DA:15,2
DA:16,3
DA:18,1
DA:19,1
DA:20,3
DA:22,1
DA:23,2
DA:26,1
DA:33,3
DA:34,2
DA:35,1
DA:37,2
DA:38,3
DA:40,1
DA:41,1
DA:42,3
DA:44,1
DA:45,2
DA:48,1
LF:22
LH:22
end_of_record
SF:lib\presentation\bloc\search\search_event.dart
DA:4,1
DA:6,0
DA:7,0
DA:13,1
DA:15,0
DA:16,0
LF:6
LH:2
end_of_record
SF:lib\presentation\bloc\search\search_state.dart
DA:6,2
DA:8,1
DA:9,1
DA:19,2
DA:21,1
DA:22,2
DA:28,1
DA:30,1
DA:31,2
DA:37,1
DA:39,1
DA:40,2
LF:12
LH:12
end_of_record
SF:lib\presentation\bloc\search\debounce.dart
DA:4,1
DA:5,3
LF:2
LH:2
end_of_record
